\BOOKMARK [0][-]{chapter.1}{Introduction}{}% 1
\BOOKMARK [1][-]{section.1.1}{Objectives}{chapter.1}% 2
\BOOKMARK [0][-]{chapter.2}{State\040of\040the\040art}{}% 3
\BOOKMARK [1][-]{section.2.1}{Neural\040Networks}{chapter.2}% 4
\BOOKMARK [1][-]{section.2.2}{PINNs}{chapter.2}% 5
\BOOKMARK [1][-]{section.2.3}{RBF/Polynomial\040approximation}{chapter.2}% 6
\BOOKMARK [0][-]{chapter.3}{Interpolation}{}% 7
\BOOKMARK [1][-]{section.3.1}{Interpolation\040with\040RBFs\040and\040NN}{chapter.3}% 8
\BOOKMARK [0][-]{chapter.4}{Experimentation}{}% 9
\BOOKMARK [1][-]{section.4.1}{Hardware\040information}{chapter.4}% 10
\BOOKMARK [1][-]{section.4.2}{Interpolation}{chapter.4}% 11
\BOOKMARK [1][-]{section.4.3}{``Statistical''\040interpolation}{chapter.4}% 12
\BOOKMARK [0][-]{chapter.5}{random\040info\040to\040organize}{}% 13
\BOOKMARK [1][-]{section.5.1}{Quality\040metrics}{chapter.5}% 14
\BOOKMARK [1][-]{section.5.2}{plots}{chapter.5}% 15
\BOOKMARK [2][-]{subsection.5.2.1}{runge\040plots}{section.5.2}% 16
\BOOKMARK [2][-]{subsection.5.2.2}{gibbs\040plots}{section.5.2}% 17
\BOOKMARK [1][-]{section.5.3}{Lo\040que\040qued\363\040sin\040pasar\040de\040preliminary\040testing}{chapter.5}% 18
\BOOKMARK [1][-]{section.5.4}{Interpolation\040of\0402D\040functions}{chapter.5}% 19
\BOOKMARK [1][-]{section.5.5}{Interpolation\040of\040sin_pi_x_y_sq}{chapter.5}% 20
\BOOKMARK [1][-]{section.5.6}{Solving\040differential\040equations}{chapter.5}% 21
\BOOKMARK [2][-]{subsection.5.6.1}{An\040observation\040on\040the\040computation\040of\040derivatives}{section.5.6}% 22
\BOOKMARK [2][-]{subsection.5.6.2}{1D\040ODE}{section.5.6}% 23
\BOOKMARK [2][-]{subsection.5.6.3}{2D\040PDE}{section.5.6}% 24
\BOOKMARK [0][-]{equation.5.6.2}{Bibliography}{}% 25
